{
  "C:\\Users\\Dandy\\Desktop\\git\\employee-manager\\frontend\\src\\components\\form\\elements\\TextInput.tsx": {
    "path": "C:\\Users\\Dandy\\Desktop\\git\\employee-manager\\frontend\\src\\components\\form\\elements\\TextInput.tsx",
    "statementMap": {
      "0": {
        "start": {
          "line": 12,
          "column": 51
        },
        "end": {
          "line": 30,
          "column": 2
        }
      },
      "1": {
        "start": {
          "line": 14,
          "column": 26
        },
        "end": {
          "line": 14,
          "column": 41
        }
      },
      "2": {
        "start": {
          "line": 15,
          "column": 28
        },
        "end": {
          "line": 15,
          "column": 33
        }
      },
      "3": {
        "start": {
          "line": 17,
          "column": 4
        },
        "end": {
          "line": 29,
          "column": 6
        }
      }
    },
    "fnMap": {
      "0": {
        "name": "(anonymous_0)",
        "decl": {
          "start": {
            "line": 12,
            "column": 60
          },
          "end": {
            "line": 12,
            "column": 61
          }
        },
        "loc": {
          "start": {
            "line": 12,
            "column": 100
          },
          "end": {
            "line": 30,
            "column": 1
          }
        },
        "line": 12
      }
    },
    "branchMap": {
      "0": {
        "loc": {
          "start": {
            "line": 24,
            "column": 13
          },
          "end": {
            "line": 26,
            "column": 20
          }
        },
        "type": "cond-expr",
        "locations": [
          {
            "start": {
              "line": 25,
              "column": 16
            },
            "end": {
              "line": 25,
              "column": 99
            }
          },
          {
            "start": {
              "line": 26,
              "column": 16
            },
            "end": {
              "line": 26,
              "column": 20
            }
          }
        ],
        "line": 24
      },
      "1": {
        "loc": {
          "start": {
            "line": 24,
            "column": 13
          },
          "end": {
            "line": 24,
            "column": 39
          }
        },
        "type": "binary-expr",
        "locations": [
          {
            "start": {
              "line": 24,
              "column": 13
            },
            "end": {
              "line": 24,
              "column": 25
            }
          },
          {
            "start": {
              "line": 24,
              "column": 29
            },
            "end": {
              "line": 24,
              "column": 39
            }
          }
        ],
        "line": 24
      }
    },
    "s": {
      "0": 11,
      "1": 0,
      "2": 0,
      "3": 0
    },
    "f": {
      "0": 0
    },
    "b": {
      "0": [
        0,
        0
      ],
      "1": [
        0,
        0
      ]
    },
    "_coverageSchema": "1a1c01bbd47fc00a2c39e90264f33305004495a9",
    "hash": "2c5eeb239e1d9bf8e0468b2dbb56042b41ddc633"
  },
  "C:\\Users\\Dandy\\Desktop\\git\\employee-manager\\frontend\\src\\components\\form\\elements\\NumberInput.tsx": {
    "path": "C:\\Users\\Dandy\\Desktop\\git\\employee-manager\\frontend\\src\\components\\form\\elements\\NumberInput.tsx",
    "statementMap": {
      "0": {
        "start": {
          "line": 12,
          "column": 55
        },
        "end": {
          "line": 28,
          "column": 2
        }
      },
      "1": {
        "start": {
          "line": 14,
          "column": 26
        },
        "end": {
          "line": 14,
          "column": 41
        }
      },
      "2": {
        "start": {
          "line": 15,
          "column": 28
        },
        "end": {
          "line": 15,
          "column": 33
        }
      },
      "3": {
        "start": {
          "line": 17,
          "column": 4
        },
        "end": {
          "line": 27,
          "column": 6
        }
      }
    },
    "fnMap": {
      "0": {
        "name": "(anonymous_0)",
        "decl": {
          "start": {
            "line": 12,
            "column": 64
          },
          "end": {
            "line": 12,
            "column": 65
          }
        },
        "loc": {
          "start": {
            "line": 12,
            "column": 106
          },
          "end": {
            "line": 28,
            "column": 1
          }
        },
        "line": 12
      }
    },
    "branchMap": {
      "0": {
        "loc": {
          "start": {
            "line": 23,
            "column": 13
          },
          "end": {
            "line": 25,
            "column": 20
          }
        },
        "type": "cond-expr",
        "locations": [
          {
            "start": {
              "line": 24,
              "column": 16
            },
            "end": {
              "line": 24,
              "column": 101
            }
          },
          {
            "start": {
              "line": 25,
              "column": 16
            },
            "end": {
              "line": 25,
              "column": 20
            }
          }
        ],
        "line": 23
      },
      "1": {
        "loc": {
          "start": {
            "line": 23,
            "column": 13
          },
          "end": {
            "line": 23,
            "column": 39
          }
        },
        "type": "binary-expr",
        "locations": [
          {
            "start": {
              "line": 23,
              "column": 13
            },
            "end": {
              "line": 23,
              "column": 25
            }
          },
          {
            "start": {
              "line": 23,
              "column": 29
            },
            "end": {
              "line": 23,
              "column": 39
            }
          }
        ],
        "line": 23
      }
    },
    "s": {
      "0": 11,
      "1": 0,
      "2": 0,
      "3": 0
    },
    "f": {
      "0": 0
    },
    "b": {
      "0": [
        0,
        0
      ],
      "1": [
        0,
        0
      ]
    },
    "_coverageSchema": "1a1c01bbd47fc00a2c39e90264f33305004495a9",
    "hash": "1423f66ded3f5e9c323fa7a5c950a9ec670d61bf"
  },
  "C:\\Users\\Dandy\\Desktop\\git\\employee-manager\\frontend\\src\\components\\form\\CompanyForm.tsx": {
    "path": "C:\\Users\\Dandy\\Desktop\\git\\employee-manager\\frontend\\src\\components\\form\\CompanyForm.tsx",
    "statementMap": {
      "0": {
        "start": {
          "line": 17,
          "column": 55
        },
        "end": {
          "line": 47,
          "column": 2
        }
      },
      "1": {
        "start": {
          "line": 19,
          "column": 8
        },
        "end": {
          "line": 19,
          "column": 13
        }
      },
      "2": {
        "start": {
          "line": 21,
          "column": 4
        },
        "end": {
          "line": 46,
          "column": 6
        }
      }
    },
    "fnMap": {
      "0": {
        "name": "(anonymous_0)",
        "decl": {
          "start": {
            "line": 17,
            "column": 64
          },
          "end": {
            "line": 17,
            "column": 65
          }
        },
        "loc": {
          "start": {
            "line": 17,
            "column": 106
          },
          "end": {
            "line": 47,
            "column": 1
          }
        },
        "line": 17
      }
    },
    "branchMap": {},
    "s": {
      "0": 11,
      "1": 0,
      "2": 0
    },
    "f": {
      "0": 0
    },
    "b": {},
    "_coverageSchema": "1a1c01bbd47fc00a2c39e90264f33305004495a9",
    "hash": "e099a4b4cff1c0d6251b3af7513385ddf4abbb5c"
  },
  "C:\\Users\\Dandy\\Desktop\\git\\employee-manager\\frontend\\src\\components\\form\\CompanyFormik.tsx": {
    "path": "C:\\Users\\Dandy\\Desktop\\git\\employee-manager\\frontend\\src\\components\\form\\CompanyFormik.tsx",
    "statementMap": {
      "0": {
        "start": {
          "line": 13,
          "column": 39
        },
        "end": {
          "line": 27,
          "column": 2
        }
      },
      "1": {
        "start": {
          "line": 29,
          "column": 59
        },
        "end": {
          "line": 42,
          "column": 2
        }
      },
      "2": {
        "start": {
          "line": 30,
          "column": 40
        },
        "end": {
          "line": 30,
          "column": 45
        }
      },
      "3": {
        "start": {
          "line": 32,
          "column": 4
        },
        "end": {
          "line": 41,
          "column": 6
        }
      }
    },
    "fnMap": {
      "0": {
        "name": "(anonymous_0)",
        "decl": {
          "start": {
            "line": 29,
            "column": 68
          },
          "end": {
            "line": 29,
            "column": 69
          }
        },
        "loc": {
          "start": {
            "line": 29,
            "column": 112
          },
          "end": {
            "line": 42,
            "column": 1
          }
        },
        "line": 29
      }
    },
    "branchMap": {},
    "s": {
      "0": 11,
      "1": 11,
      "2": 0,
      "3": 0
    },
    "f": {
      "0": 0
    },
    "b": {},
    "_coverageSchema": "1a1c01bbd47fc00a2c39e90264f33305004495a9",
    "hash": "4e93b32792b86016e72cc502dc20cce0d68bf482"
  },
  "C:\\Users\\Dandy\\Desktop\\git\\employee-manager\\frontend\\src\\components\\EditDrawer.tsx": {
    "path": "C:\\Users\\Dandy\\Desktop\\git\\employee-manager\\frontend\\src\\components\\EditDrawer.tsx",
    "statementMap": {
      "0": {
        "start": {
          "line": 14,
          "column": 53
        },
        "end": {
          "line": 39,
          "column": 2
        }
      },
      "1": {
        "start": {
          "line": 15,
          "column": 73
        },
        "end": {
          "line": 15,
          "column": 78
        }
      },
      "2": {
        "start": {
          "line": 17,
          "column": 4
        },
        "end": {
          "line": 38,
          "column": 6
        }
      }
    },
    "fnMap": {
      "0": {
        "name": "(anonymous_0)",
        "decl": {
          "start": {
            "line": 14,
            "column": 62
          },
          "end": {
            "line": 14,
            "column": 63
          }
        },
        "loc": {
          "start": {
            "line": 14,
            "column": 103
          },
          "end": {
            "line": 39,
            "column": 1
          }
        },
        "line": 14
      }
    },
    "branchMap": {},
    "s": {
      "0": 11,
      "1": 0,
      "2": 0
    },
    "f": {
      "0": 0
    },
    "b": {},
    "_coverageSchema": "1a1c01bbd47fc00a2c39e90264f33305004495a9",
    "hash": "a66d77810d72edc52237129267b9170fcddb3452"
  },
  "C:\\Users\\Dandy\\Desktop\\git\\employee-manager\\frontend\\src\\utils\\table-sorter.ts": {
    "path": "C:\\Users\\Dandy\\Desktop\\git\\employee-manager\\frontend\\src\\utils\\table-sorter.ts",
    "statementMap": {
      "0": {
        "start": {
          "line": 1,
          "column": 26
        },
        "end": {
          "line": 3,
          "column": 1
        }
      },
      "1": {
        "start": {
          "line": 2,
          "column": 4
        },
        "end": {
          "line": 2,
          "column": 40
        }
      },
      "2": {
        "start": {
          "line": 5,
          "column": 26
        },
        "end": {
          "line": 7,
          "column": 1
        }
      },
      "3": {
        "start": {
          "line": 6,
          "column": 4
        },
        "end": {
          "line": 6,
          "column": 27
        }
      },
      "4": {
        "start": {
          "line": 9,
          "column": 20
        },
        "end": {
          "line": 12,
          "column": 1
        }
      }
    },
    "fnMap": {
      "0": {
        "name": "(anonymous_0)",
        "decl": {
          "start": {
            "line": 1,
            "column": 26
          },
          "end": {
            "line": 1,
            "column": 27
          }
        },
        "loc": {
          "start": {
            "line": 1,
            "column": 70
          },
          "end": {
            "line": 3,
            "column": 1
          }
        },
        "line": 1
      },
      "1": {
        "name": "(anonymous_1)",
        "decl": {
          "start": {
            "line": 5,
            "column": 26
          },
          "end": {
            "line": 5,
            "column": 27
          }
        },
        "loc": {
          "start": {
            "line": 5,
            "column": 70
          },
          "end": {
            "line": 7,
            "column": 1
          }
        },
        "line": 5
      }
    },
    "branchMap": {},
    "s": {
      "0": 11,
      "1": 0,
      "2": 11,
      "3": 0,
      "4": 11
    },
    "f": {
      "0": 0,
      "1": 0
    },
    "b": {},
    "_coverageSchema": "1a1c01bbd47fc00a2c39e90264f33305004495a9",
    "hash": "7133300c200c61df6eeb686949b247ec9d7d6b00"
  },
  "C:\\Users\\Dandy\\Desktop\\git\\employee-manager\\frontend\\src\\components\\table\\tableColumns\\CompanyTableColumns.tsx": {
    "path": "C:\\Users\\Dandy\\Desktop\\git\\employee-manager\\frontend\\src\\components\\table\\tableColumns\\CompanyTableColumns.tsx",
    "statementMap": {
      "0": {
        "start": {
          "line": 14,
          "column": 4
        },
        "end": {
          "line": 82,
          "column": 6
        }
      },
      "1": {
        "start": {
          "line": 21,
          "column": 35
        },
        "end": {
          "line": 21,
          "column": 58
        }
      },
      "2": {
        "start": {
          "line": 30,
          "column": 35
        },
        "end": {
          "line": 30,
          "column": 62
        }
      },
      "3": {
        "start": {
          "line": 38,
          "column": 53
        },
        "end": {
          "line": 38,
          "column": 80
        }
      },
      "4": {
        "start": {
          "line": 40,
          "column": 35
        },
        "end": {
          "line": 40,
          "column": 64
        }
      },
      "5": {
        "start": {
          "line": 48,
          "column": 35
        },
        "end": {
          "line": 48,
          "column": 68
        }
      },
      "6": {
        "start": {
          "line": 55,
          "column": 16
        },
        "end": {
          "line": 79,
          "column": 24
        }
      },
      "7": {
        "start": {
          "line": 60,
          "column": 28
        },
        "end": {
          "line": 60,
          "column": 60
        }
      },
      "8": {
        "start": {
          "line": 69,
          "column": 28
        },
        "end": {
          "line": 69,
          "column": 58
        }
      }
    },
    "fnMap": {
      "0": {
        "name": "CompanyTableColumns",
        "decl": {
          "start": {
            "line": 10,
            "column": 16
          },
          "end": {
            "line": 10,
            "column": 35
          }
        },
        "loc": {
          "start": {
            "line": 13,
            "column": 30
          },
          "end": {
            "line": 83,
            "column": 1
          }
        },
        "line": 13
      },
      "1": {
        "name": "(anonymous_1)",
        "decl": {
          "start": {
            "line": 21,
            "column": 25
          },
          "end": {
            "line": 21,
            "column": 26
          }
        },
        "loc": {
          "start": {
            "line": 21,
            "column": 35
          },
          "end": {
            "line": 21,
            "column": 58
          }
        },
        "line": 21
      },
      "2": {
        "name": "(anonymous_2)",
        "decl": {
          "start": {
            "line": 30,
            "column": 25
          },
          "end": {
            "line": 30,
            "column": 26
          }
        },
        "loc": {
          "start": {
            "line": 30,
            "column": 35
          },
          "end": {
            "line": 30,
            "column": 62
          }
        },
        "line": 30
      },
      "3": {
        "name": "(anonymous_3)",
        "decl": {
          "start": {
            "line": 38,
            "column": 20
          },
          "end": {
            "line": 38,
            "column": 21
          }
        },
        "loc": {
          "start": {
            "line": 38,
            "column": 53
          },
          "end": {
            "line": 38,
            "column": 80
          }
        },
        "line": 38
      },
      "4": {
        "name": "(anonymous_4)",
        "decl": {
          "start": {
            "line": 40,
            "column": 25
          },
          "end": {
            "line": 40,
            "column": 26
          }
        },
        "loc": {
          "start": {
            "line": 40,
            "column": 35
          },
          "end": {
            "line": 40,
            "column": 64
          }
        },
        "line": 40
      },
      "5": {
        "name": "(anonymous_5)",
        "decl": {
          "start": {
            "line": 48,
            "column": 25
          },
          "end": {
            "line": 48,
            "column": 26
          }
        },
        "loc": {
          "start": {
            "line": 48,
            "column": 35
          },
          "end": {
            "line": 48,
            "column": 68
          }
        },
        "line": 48
      },
      "6": {
        "name": "(anonymous_6)",
        "decl": {
          "start": {
            "line": 54,
            "column": 20
          },
          "end": {
            "line": 54,
            "column": 21
          }
        },
        "loc": {
          "start": {
            "line": 55,
            "column": 16
          },
          "end": {
            "line": 79,
            "column": 24
          }
        },
        "line": 55
      },
      "7": {
        "name": "(anonymous_7)",
        "decl": {
          "start": {
            "line": 59,
            "column": 33
          },
          "end": {
            "line": 59,
            "column": 34
          }
        },
        "loc": {
          "start": {
            "line": 59,
            "column": 39
          },
          "end": {
            "line": 61,
            "column": 25
          }
        },
        "line": 59
      },
      "8": {
        "name": "(anonymous_8)",
        "decl": {
          "start": {
            "line": 68,
            "column": 33
          },
          "end": {
            "line": 68,
            "column": 34
          }
        },
        "loc": {
          "start": {
            "line": 68,
            "column": 45
          },
          "end": {
            "line": 70,
            "column": 25
          }
        },
        "line": 68
      }
    },
    "branchMap": {},
    "s": {
      "0": 0,
      "1": 0,
      "2": 0,
      "3": 0,
      "4": 0,
      "5": 0,
      "6": 0,
      "7": 0,
      "8": 0
    },
    "f": {
      "0": 0,
      "1": 0,
      "2": 0,
      "3": 0,
      "4": 0,
      "5": 0,
      "6": 0,
      "7": 0,
      "8": 0
    },
    "b": {},
    "_coverageSchema": "1a1c01bbd47fc00a2c39e90264f33305004495a9",
    "hash": "4f5afee447b318d033b228dc87151c03671c6456"
  },
  "C:\\Users\\Dandy\\Desktop\\git\\employee-manager\\frontend\\src\\components\\search\\empty-results.tsx": {
    "path": "C:\\Users\\Dandy\\Desktop\\git\\employee-manager\\frontend\\src\\components\\search\\empty-results.tsx",
    "statementMap": {
      "0": {
        "start": {
          "line": 8,
          "column": 57
        },
        "end": {
          "line": 17,
          "column": 1
        }
      },
      "1": {
        "start": {
          "line": 9,
          "column": 21
        },
        "end": {
          "line": 9,
          "column": 26
        }
      },
      "2": {
        "start": {
          "line": 11,
          "column": 4
        },
        "end": {
          "line": 16,
          "column": 6
        }
      }
    },
    "fnMap": {
      "0": {
        "name": "(anonymous_0)",
        "decl": {
          "start": {
            "line": 8,
            "column": 57
          },
          "end": {
            "line": 8,
            "column": 58
          }
        },
        "loc": {
          "start": {
            "line": 8,
            "column": 100
          },
          "end": {
            "line": 17,
            "column": 1
          }
        },
        "line": 8
      }
    },
    "branchMap": {
      "0": {
        "loc": {
          "start": {
            "line": 14,
            "column": 16
          },
          "end": {
            "line": 14,
            "column": 91
          }
        },
        "type": "cond-expr",
        "locations": [
          {
            "start": {
              "line": 14,
              "column": 37
            },
            "end": {
              "line": 14,
              "column": 60
            }
          },
          {
            "start": {
              "line": 14,
              "column": 63
            },
            "end": {
              "line": 14,
              "column": 91
            }
          }
        ],
        "line": 14
      }
    },
    "s": {
      "0": 11,
      "1": 0,
      "2": 0
    },
    "f": {
      "0": 0
    },
    "b": {
      "0": [
        0,
        0
      ]
    },
    "_coverageSchema": "1a1c01bbd47fc00a2c39e90264f33305004495a9",
    "hash": "ed611c6118c10c45bd0ace8a138ce4d09801e590"
  },
  "C:\\Users\\Dandy\\Desktop\\git\\employee-manager\\frontend\\src\\stores\\root-store-provider.tsx": {
    "path": "C:\\Users\\Dandy\\Desktop\\git\\employee-manager\\frontend\\src\\stores\\root-store-provider.tsx",
    "statementMap": {
      "0": {
        "start": {
          "line": 4,
          "column": 25
        },
        "end": {
          "line": 4,
          "column": 72
        }
      },
      "1": {
        "start": {
          "line": 6,
          "column": 28
        },
        "end": {
          "line": 13,
          "column": 1
        }
      },
      "2": {
        "start": {
          "line": 7,
          "column": 20
        },
        "end": {
          "line": 7,
          "column": 54
        }
      },
      "3": {
        "start": {
          "line": 8,
          "column": 4
        },
        "end": {
          "line": 10,
          "column": 5
        }
      },
      "4": {
        "start": {
          "line": 9,
          "column": 8
        },
        "end": {
          "line": 9,
          "column": 70
        }
      },
      "5": {
        "start": {
          "line": 12,
          "column": 4
        },
        "end": {
          "line": 12,
          "column": 19
        }
      },
      "6": {
        "start": {
          "line": 20,
          "column": 67
        },
        "end": {
          "line": 25,
          "column": 1
        }
      },
      "7": {
        "start": {
          "line": 24,
          "column": 4
        },
        "end": {
          "line": 24,
          "column": 95
        }
      }
    },
    "fnMap": {
      "0": {
        "name": "(anonymous_0)",
        "decl": {
          "start": {
            "line": 6,
            "column": 28
          },
          "end": {
            "line": 6,
            "column": 29
          }
        },
        "loc": {
          "start": {
            "line": 6,
            "column": 45
          },
          "end": {
            "line": 13,
            "column": 1
          }
        },
        "line": 6
      },
      "1": {
        "name": "(anonymous_1)",
        "decl": {
          "start": {
            "line": 20,
            "column": 67
          },
          "end": {
            "line": 20,
            "column": 68
          }
        },
        "loc": {
          "start": {
            "line": 23,
            "column": 50
          },
          "end": {
            "line": 25,
            "column": 1
          }
        },
        "line": 23
      }
    },
    "branchMap": {
      "0": {
        "loc": {
          "start": {
            "line": 8,
            "column": 4
          },
          "end": {
            "line": 10,
            "column": 5
          }
        },
        "type": "if",
        "locations": [
          {
            "start": {
              "line": 8,
              "column": 4
            },
            "end": {
              "line": 10,
              "column": 5
            }
          },
          {
            "start": {
              "line": 8,
              "column": 4
            },
            "end": {
              "line": 10,
              "column": 5
            }
          }
        ],
        "line": 8
      }
    },
    "s": {
      "0": 11,
      "1": 11,
      "2": 470,
      "3": 470,
      "4": 0,
      "5": 470,
      "6": 11,
      "7": 11
    },
    "f": {
      "0": 470,
      "1": 11
    },
    "b": {
      "0": [
        0,
        470
      ]
    },
    "_coverageSchema": "1a1c01bbd47fc00a2c39e90264f33305004495a9",
    "hash": "4778a937e60c0ddd5d1cebc480902ec542a17de2"
  },
  "C:\\Users\\Dandy\\Desktop\\git\\employee-manager\\frontend\\src\\components\\search\\search-component.tsx": {
    "path": "C:\\Users\\Dandy\\Desktop\\git\\employee-manager\\frontend\\src\\components\\search\\search-component.tsx",
    "statementMap": {
      "0": {
        "start": {
          "line": 14,
          "column": 63
        },
        "end": {
          "line": 72,
          "column": 2
        }
      },
      "1": {
        "start": {
          "line": 15,
          "column": 30
        },
        "end": {
          "line": 15,
          "column": 35
        }
      },
      "2": {
        "start": {
          "line": 17,
          "column": 22
        },
        "end": {
          "line": 17,
          "column": 36
        }
      },
      "3": {
        "start": {
          "line": 19,
          "column": 26
        },
        "end": {
          "line": 24,
          "column": 5
        }
      },
      "4": {
        "start": {
          "line": 21,
          "column": 8
        },
        "end": {
          "line": 23,
          "column": 9
        }
      },
      "5": {
        "start": {
          "line": 22,
          "column": 12
        },
        "end": {
          "line": 22,
          "column": 77
        }
      },
      "6": {
        "start": {
          "line": 26,
          "column": 26
        },
        "end": {
          "line": 34,
          "column": 5
        }
      },
      "7": {
        "start": {
          "line": 28,
          "column": 8
        },
        "end": {
          "line": 33,
          "column": 9
        }
      },
      "8": {
        "start": {
          "line": 29,
          "column": 12
        },
        "end": {
          "line": 29,
          "column": 78
        }
      },
      "9": {
        "start": {
          "line": 31,
          "column": 12
        },
        "end": {
          "line": 31,
          "column": 90
        }
      },
      "10": {
        "start": {
          "line": 32,
          "column": 12
        },
        "end": {
          "line": 32,
          "column": 50
        }
      },
      "11": {
        "start": {
          "line": 36,
          "column": 25
        },
        "end": {
          "line": 43,
          "column": 5
        }
      },
      "12": {
        "start": {
          "line": 37,
          "column": 8
        },
        "end": {
          "line": 42,
          "column": 9
        }
      },
      "13": {
        "start": {
          "line": 38,
          "column": 12
        },
        "end": {
          "line": 38,
          "column": 61
        }
      },
      "14": {
        "start": {
          "line": 40,
          "column": 12
        },
        "end": {
          "line": 40,
          "column": 62
        }
      },
      "15": {
        "start": {
          "line": 41,
          "column": 12
        },
        "end": {
          "line": 41,
          "column": 50
        }
      },
      "16": {
        "start": {
          "line": 45,
          "column": 4
        },
        "end": {
          "line": 71,
          "column": 6
        }
      },
      "17": {
        "start": {
          "line": 55,
          "column": 20
        },
        "end": {
          "line": 55,
          "column": 87
        }
      }
    },
    "fnMap": {
      "0": {
        "name": "(anonymous_0)",
        "decl": {
          "start": {
            "line": 14,
            "column": 72
          },
          "end": {
            "line": 14,
            "column": 73
          }
        },
        "loc": {
          "start": {
            "line": 14,
            "column": 105
          },
          "end": {
            "line": 72,
            "column": 1
          }
        },
        "line": 14
      },
      "1": {
        "name": "(anonymous_1)",
        "decl": {
          "start": {
            "line": 19,
            "column": 26
          },
          "end": {
            "line": 19,
            "column": 27
          }
        },
        "loc": {
          "start": {
            "line": 19,
            "column": 43
          },
          "end": {
            "line": 24,
            "column": 5
          }
        },
        "line": 19
      },
      "2": {
        "name": "(anonymous_2)",
        "decl": {
          "start": {
            "line": 26,
            "column": 26
          },
          "end": {
            "line": 26,
            "column": 27
          }
        },
        "loc": {
          "start": {
            "line": 26,
            "column": 51
          },
          "end": {
            "line": 34,
            "column": 5
          }
        },
        "line": 26
      },
      "3": {
        "name": "(anonymous_3)",
        "decl": {
          "start": {
            "line": 36,
            "column": 25
          },
          "end": {
            "line": 36,
            "column": 26
          }
        },
        "loc": {
          "start": {
            "line": 36,
            "column": 37
          },
          "end": {
            "line": 43,
            "column": 5
          }
        },
        "line": 36
      },
      "4": {
        "name": "(anonymous_4)",
        "decl": {
          "start": {
            "line": 54,
            "column": 30
          },
          "end": {
            "line": 54,
            "column": 31
          }
        },
        "loc": {
          "start": {
            "line": 55,
            "column": 20
          },
          "end": {
            "line": 55,
            "column": 87
          }
        },
        "line": 55
      }
    },
    "branchMap": {
      "0": {
        "loc": {
          "start": {
            "line": 21,
            "column": 8
          },
          "end": {
            "line": 23,
            "column": 9
          }
        },
        "type": "if",
        "locations": [
          {
            "start": {
              "line": 21,
              "column": 8
            },
            "end": {
              "line": 23,
              "column": 9
            }
          },
          {
            "start": {
              "line": 21,
              "column": 8
            },
            "end": {
              "line": 23,
              "column": 9
            }
          }
        ],
        "line": 21
      },
      "1": {
        "loc": {
          "start": {
            "line": 28,
            "column": 8
          },
          "end": {
            "line": 33,
            "column": 9
          }
        },
        "type": "if",
        "locations": [
          {
            "start": {
              "line": 28,
              "column": 8
            },
            "end": {
              "line": 33,
              "column": 9
            }
          },
          {
            "start": {
              "line": 28,
              "column": 8
            },
            "end": {
              "line": 33,
              "column": 9
            }
          }
        ],
        "line": 28
      },
      "2": {
        "loc": {
          "start": {
            "line": 37,
            "column": 8
          },
          "end": {
            "line": 42,
            "column": 9
          }
        },
        "type": "if",
        "locations": [
          {
            "start": {
              "line": 37,
              "column": 8
            },
            "end": {
              "line": 42,
              "column": 9
            }
          },
          {
            "start": {
              "line": 37,
              "column": 8
            },
            "end": {
              "line": 42,
              "column": 9
            }
          }
        ],
        "line": 37
      },
      "3": {
        "loc": {
          "start": {
            "line": 63,
            "column": 33
          },
          "end": {
            "line": 63,
            "column": 99
          }
        },
        "type": "cond-expr",
        "locations": [
          {
            "start": {
              "line": 63,
              "column": 54
            },
            "end": {
              "line": 63,
              "column": 72
            }
          },
          {
            "start": {
              "line": 63,
              "column": 75
            },
            "end": {
              "line": 63,
              "column": 99
            }
          }
        ],
        "line": 63
      }
    },
    "s": {
      "0": 11,
      "1": 172,
      "2": 172,
      "3": 172,
      "4": 0,
      "5": 0,
      "6": 172,
      "7": 0,
      "8": 0,
      "9": 0,
      "10": 0,
      "11": 172,
      "12": 0,
      "13": 0,
      "14": 0,
      "15": 0,
      "16": 172,
      "17": 0
    },
    "f": {
      "0": 172,
      "1": 0,
      "2": 0,
      "3": 0,
      "4": 0
    },
    "b": {
      "0": [
        0,
        0
      ],
      "1": [
        0,
        0
      ],
      "2": [
        0,
        0
      ],
      "3": [
        0,
        172
      ]
    },
    "_coverageSchema": "1a1c01bbd47fc00a2c39e90264f33305004495a9",
    "hash": "6387da18d00a69aa4fad9c76fc9fd04b87af5615"
  },
  "C:\\Users\\Dandy\\Desktop\\git\\employee-manager\\frontend\\src\\components\\table\\empty-table.tsx": {
    "path": "C:\\Users\\Dandy\\Desktop\\git\\employee-manager\\frontend\\src\\components\\table\\empty-table.tsx",
    "statementMap": {
      "0": {
        "start": {
          "line": 10,
          "column": 53
        },
        "end": {
          "line": 29,
          "column": 1
        }
      },
      "1": {
        "start": {
          "line": 11,
          "column": 30
        },
        "end": {
          "line": 11,
          "column": 35
        }
      },
      "2": {
        "start": {
          "line": 13,
          "column": 4
        },
        "end": {
          "line": 28,
          "column": 6
        }
      }
    },
    "fnMap": {
      "0": {
        "name": "(anonymous_0)",
        "decl": {
          "start": {
            "line": 10,
            "column": 53
          },
          "end": {
            "line": 10,
            "column": 54
          }
        },
        "loc": {
          "start": {
            "line": 10,
            "column": 81
          },
          "end": {
            "line": 29,
            "column": 1
          }
        },
        "line": 10
      }
    },
    "branchMap": {
      "0": {
        "loc": {
          "start": {
            "line": 13,
            "column": 11
          },
          "end": {
            "line": 28,
            "column": 5
          }
        },
        "type": "cond-expr",
        "locations": [
          {
            "start": {
              "line": 14,
              "column": 8
            },
            "end": {
              "line": 25,
              "column": 10
            }
          },
          {
            "start": {
              "line": 27,
              "column": 8
            },
            "end": {
              "line": 27,
              "column": 43
            }
          }
        ],
        "line": 13
      },
      "1": {
        "loc": {
          "start": {
            "line": 21,
            "column": 24
          },
          "end": {
            "line": 21,
            "column": 68
          }
        },
        "type": "cond-expr",
        "locations": [
          {
            "start": {
              "line": 21,
              "column": 45
            },
            "end": {
              "line": 21,
              "column": 52
            }
          },
          {
            "start": {
              "line": 21,
              "column": 55
            },
            "end": {
              "line": 21,
              "column": 68
            }
          }
        ],
        "line": 21
      }
    },
    "s": {
      "0": 11,
      "1": 0,
      "2": 0
    },
    "f": {
      "0": 0
    },
    "b": {
      "0": [
        0,
        0
      ],
      "1": [
        0,
        0
      ]
    },
    "_coverageSchema": "1a1c01bbd47fc00a2c39e90264f33305004495a9",
    "hash": "99fadd4135b09299a4fb5c1d6d1931d94c587468"
  },
  "C:\\Users\\Dandy\\Desktop\\git\\employee-manager\\frontend\\src\\components\\table\\general-table.tsx": {
    "path": "C:\\Users\\Dandy\\Desktop\\git\\employee-manager\\frontend\\src\\components\\table\\general-table.tsx",
    "statementMap": {
      "0": {
        "start": {
          "line": 16,
          "column": 57
        },
        "end": {
          "line": 36,
          "column": 2
        }
      },
      "1": {
        "start": {
          "line": 17,
          "column": 45
        },
        "end": {
          "line": 17,
          "column": 50
        }
      },
      "2": {
        "start": {
          "line": 19,
          "column": 4
        },
        "end": {
          "line": 35,
          "column": 6
        }
      }
    },
    "fnMap": {
      "0": {
        "name": "(anonymous_0)",
        "decl": {
          "start": {
            "line": 16,
            "column": 66
          },
          "end": {
            "line": 16,
            "column": 67
          }
        },
        "loc": {
          "start": {
            "line": 16,
            "column": 96
          },
          "end": {
            "line": 36,
            "column": 1
          }
        },
        "line": 16
      }
    },
    "branchMap": {},
    "s": {
      "0": 11,
      "1": 0,
      "2": 0
    },
    "f": {
      "0": 0
    },
    "b": {},
    "_coverageSchema": "1a1c01bbd47fc00a2c39e90264f33305004495a9",
    "hash": "92d92c4ed4067624d9c9087e882be9d6fc7fabf5"
  },
  "C:\\Users\\Dandy\\Desktop\\git\\employee-manager\\frontend\\src\\pages\\CompanyList.tsx": {
    "path": "C:\\Users\\Dandy\\Desktop\\git\\employee-manager\\frontend\\src\\pages\\CompanyList.tsx",
    "statementMap": {
      "0": {
        "start": {
          "line": 20,
          "column": 59
        },
        "end": {
          "line": 110,
          "column": 2
        }
      },
      "1": {
        "start": {
          "line": 21,
          "column": 26
        },
        "end": {
          "line": 21,
          "column": 31
        }
      },
      "2": {
        "start": {
          "line": 22,
          "column": 29
        },
        "end": {
          "line": 22,
          "column": 38
        }
      },
      "3": {
        "start": {
          "line": 24,
          "column": 24
        },
        "end": {
          "line": 24,
          "column": 29
        }
      },
      "4": {
        "start": {
          "line": 26,
          "column": 4
        },
        "end": {
          "line": 26,
          "column": 44
        }
      },
      "5": {
        "start": {
          "line": 28,
          "column": 20
        },
        "end": {
          "line": 28,
          "column": 70
        }
      },
      "6": {
        "start": {
          "line": 31,
          "column": 8
        },
        "end": {
          "line": 41,
          "column": 11
        }
      },
      "7": {
        "start": {
          "line": 39,
          "column": 16
        },
        "end": {
          "line": 39,
          "column": 58
        }
      },
      "8": {
        "start": {
          "line": 45,
          "column": 31
        },
        "end": {
          "line": 49,
          "column": 9
        }
      },
      "9": {
        "start": {
          "line": 51,
          "column": 8
        },
        "end": {
          "line": 51,
          "column": 55
        }
      },
      "10": {
        "start": {
          "line": 54,
          "column": 4
        },
        "end": {
          "line": 59,
          "column": 11
        }
      },
      "11": {
        "start": {
          "line": 55,
          "column": 8
        },
        "end": {
          "line": 58,
          "column": 13
        }
      },
      "12": {
        "start": {
          "line": 56,
          "column": 12
        },
        "end": {
          "line": 56,
          "column": 51
        }
      },
      "13": {
        "start": {
          "line": 57,
          "column": 12
        },
        "end": {
          "line": 57,
          "column": 62
        }
      },
      "14": {
        "start": {
          "line": 61,
          "column": 4
        },
        "end": {
          "line": 109,
          "column": 6
        }
      },
      "15": {
        "start": {
          "line": 72,
          "column": 39
        },
        "end": {
          "line": 72,
          "column": 73
        }
      },
      "16": {
        "start": {
          "line": 89,
          "column": 20
        },
        "end": {
          "line": 89,
          "column": 46
        }
      },
      "17": {
        "start": {
          "line": 93,
          "column": 20
        },
        "end": {
          "line": 93,
          "column": 46
        }
      }
    },
    "fnMap": {
      "0": {
        "name": "(anonymous_0)",
        "decl": {
          "start": {
            "line": 20,
            "column": 68
          },
          "end": {
            "line": 20,
            "column": 69
          }
        },
        "loc": {
          "start": {
            "line": 20,
            "column": 110
          },
          "end": {
            "line": 110,
            "column": 1
          }
        },
        "line": 20
      },
      "1": {
        "name": "onCompanyDelete",
        "decl": {
          "start": {
            "line": 30,
            "column": 19
          },
          "end": {
            "line": 30,
            "column": 34
          }
        },
        "loc": {
          "start": {
            "line": 30,
            "column": 59
          },
          "end": {
            "line": 42,
            "column": 5
          }
        },
        "line": 30
      },
      "2": {
        "name": "(anonymous_2)",
        "decl": {
          "start": {
            "line": 38,
            "column": 12
          },
          "end": {
            "line": 38,
            "column": 13
          }
        },
        "loc": {
          "start": {
            "line": 38,
            "column": 25
          },
          "end": {
            "line": 40,
            "column": 13
          }
        },
        "line": 38
      },
      "3": {
        "name": "updateHandler",
        "decl": {
          "start": {
            "line": 44,
            "column": 19
          },
          "end": {
            "line": 44,
            "column": 32
          }
        },
        "loc": {
          "start": {
            "line": 44,
            "column": 53
          },
          "end": {
            "line": 52,
            "column": 5
          }
        },
        "line": 44
      },
      "4": {
        "name": "(anonymous_4)",
        "decl": {
          "start": {
            "line": 54,
            "column": 14
          },
          "end": {
            "line": 54,
            "column": 15
          }
        },
        "loc": {
          "start": {
            "line": 54,
            "column": 20
          },
          "end": {
            "line": 59,
            "column": 5
          }
        },
        "line": 54
      },
      "5": {
        "name": "(anonymous_5)",
        "decl": {
          "start": {
            "line": 55,
            "column": 9
          },
          "end": {
            "line": 55,
            "column": 10
          }
        },
        "loc": {
          "start": {
            "line": 55,
            "column": 21
          },
          "end": {
            "line": 58,
            "column": 9
          }
        },
        "line": 55
      },
      "6": {
        "name": "(anonymous_6)",
        "decl": {
          "start": {
            "line": 72,
            "column": 33
          },
          "end": {
            "line": 72,
            "column": 34
          }
        },
        "loc": {
          "start": {
            "line": 72,
            "column": 39
          },
          "end": {
            "line": 72,
            "column": 73
          }
        },
        "line": 72
      },
      "7": {
        "name": "(anonymous_7)",
        "decl": {
          "start": {
            "line": 88,
            "column": 25
          },
          "end": {
            "line": 88,
            "column": 26
          }
        },
        "loc": {
          "start": {
            "line": 88,
            "column": 31
          },
          "end": {
            "line": 90,
            "column": 17
          }
        },
        "line": 88
      },
      "8": {
        "name": "(anonymous_8)",
        "decl": {
          "start": {
            "line": 92,
            "column": 31
          },
          "end": {
            "line": 92,
            "column": 32
          }
        },
        "loc": {
          "start": {
            "line": 92,
            "column": 37
          },
          "end": {
            "line": 94,
            "column": 17
          }
        },
        "line": 92
      }
    },
    "branchMap": {
      "0": {
        "loc": {
          "start": {
            "line": 87,
            "column": 23
          },
          "end": {
            "line": 87,
            "column": 92
          }
        },
        "type": "cond-expr",
        "locations": [
          {
            "start": {
              "line": 87,
              "column": 60
            },
            "end": {
              "line": 87,
              "column": 75
            }
          },
          {
            "start": {
              "line": 87,
              "column": 78
            },
            "end": {
              "line": 87,
              "column": 92
            }
          }
        ],
        "line": 87
      }
    },
    "s": {
      "0": 11,
      "1": 0,
      "2": 0,
      "3": 0,
      "4": 0,
      "5": 0,
      "6": 0,
      "7": 0,
      "8": 0,
      "9": 0,
      "10": 0,
      "11": 0,
      "12": 0,
      "13": 0,
      "14": 0,
      "15": 0,
      "16": 0,
      "17": 0
    },
    "f": {
      "0": 0,
      "1": 0,
      "2": 0,
      "3": 0,
      "4": 0,
      "5": 0,
      "6": 0,
      "7": 0,
      "8": 0
    },
    "b": {
      "0": [
        0,
        0
      ]
    },
    "_coverageSchema": "1a1c01bbd47fc00a2c39e90264f33305004495a9",
    "hash": "7d3bfdb57a9bba71aabd8c18544fd0d959adbaf5"
  },
  "C:\\Users\\Dandy\\Desktop\\git\\employee-manager\\frontend\\src\\components\\layout\\MainNavigation.tsx": {
    "path": "C:\\Users\\Dandy\\Desktop\\git\\employee-manager\\frontend\\src\\components\\layout\\MainNavigation.tsx",
    "statementMap": {
      "0": {
        "start": {
          "line": 10,
          "column": 40
        },
        "end": {
          "line": 34,
          "column": 2
        }
      },
      "1": {
        "start": {
          "line": 11,
          "column": 22
        },
        "end": {
          "line": 11,
          "column": 36
        }
      },
      "2": {
        "start": {
          "line": 13,
          "column": 4
        },
        "end": {
          "line": 33,
          "column": 6
        }
      }
    },
    "fnMap": {
      "0": {
        "name": "(anonymous_0)",
        "decl": {
          "start": {
            "line": 10,
            "column": 49
          },
          "end": {
            "line": 10,
            "column": 50
          }
        },
        "loc": {
          "start": {
            "line": 10,
            "column": 68
          },
          "end": {
            "line": 34,
            "column": 1
          }
        },
        "line": 10
      }
    },
    "branchMap": {},
    "s": {
      "0": 11,
      "1": 44,
      "2": 44
    },
    "f": {
      "0": 44
    },
    "b": {},
    "_coverageSchema": "1a1c01bbd47fc00a2c39e90264f33305004495a9",
    "hash": "19da530d9a7c7a93cb6b29290ba3d2069c6693ab"
  },
  "C:\\Users\\Dandy\\Desktop\\git\\employee-manager\\frontend\\src\\models\\enums\\working-category-enum.ts": {
    "path": "C:\\Users\\Dandy\\Desktop\\git\\employee-manager\\frontend\\src\\models\\enums\\working-category-enum.ts",
    "statementMap": {},
    "fnMap": {},
    "branchMap": {},
    "s": {},
    "f": {},
    "b": {},
    "_coverageSchema": "1a1c01bbd47fc00a2c39e90264f33305004495a9",
    "hash": "fb89b6a3057011fe45f332cf6874c4d2cac233b1"
  },
  "C:\\Users\\Dandy\\Desktop\\git\\employee-manager\\frontend\\src\\components\\form\\elements\\SelectList.tsx": {
    "path": "C:\\Users\\Dandy\\Desktop\\git\\employee-manager\\frontend\\src\\components\\form\\elements\\SelectList.tsx",
    "statementMap": {
      "0": {
        "start": {
          "line": 11,
          "column": 61
        },
        "end": {
          "line": 45,
          "column": 2
        }
      },
      "1": {
        "start": {
          "line": 12,
          "column": 28
        },
        "end": {
          "line": 12,
          "column": 33
        }
      },
      "2": {
        "start": {
          "line": 14,
          "column": 4
        },
        "end": {
          "line": 44,
          "column": 6
        }
      }
    },
    "fnMap": {
      "0": {
        "name": "(anonymous_0)",
        "decl": {
          "start": {
            "line": 11,
            "column": 70
          },
          "end": {
            "line": 11,
            "column": 71
          }
        },
        "loc": {
          "start": {
            "line": 11,
            "column": 111
          },
          "end": {
            "line": 45,
            "column": 1
          }
        },
        "line": 11
      }
    },
    "branchMap": {},
    "s": {
      "0": 11,
      "1": 0,
      "2": 0
    },
    "f": {
      "0": 0
    },
    "b": {},
    "_coverageSchema": "1a1c01bbd47fc00a2c39e90264f33305004495a9",
    "hash": "c736ebef25d946bc72292910a80c0aea76727dfa"
  },
  "C:\\Users\\Dandy\\Desktop\\git\\employee-manager\\frontend\\src\\components\\layout\\form\\InputWrapper.tsx": {
    "path": "C:\\Users\\Dandy\\Desktop\\git\\employee-manager\\frontend\\src\\components\\layout\\form\\InputWrapper.tsx",
    "statementMap": {
      "0": {
        "start": {
          "line": 9,
          "column": 57
        },
        "end": {
          "line": 17,
          "column": 2
        }
      },
      "1": {
        "start": {
          "line": 10,
          "column": 4
        },
        "end": {
          "line": 16,
          "column": 6
        }
      }
    },
    "fnMap": {
      "0": {
        "name": "(anonymous_0)",
        "decl": {
          "start": {
            "line": 9,
            "column": 66
          },
          "end": {
            "line": 9,
            "column": 67
          }
        },
        "loc": {
          "start": {
            "line": 9,
            "column": 109
          },
          "end": {
            "line": 17,
            "column": 1
          }
        },
        "line": 9
      }
    },
    "branchMap": {},
    "s": {
      "0": 11,
      "1": 0
    },
    "f": {
      "0": 0
    },
    "b": {},
    "_coverageSchema": "1a1c01bbd47fc00a2c39e90264f33305004495a9",
    "hash": "a2880eebc81434feb001b478ffb4b83f31b5dfd2"
  },
  "C:\\Users\\Dandy\\Desktop\\git\\employee-manager\\frontend\\src\\components\\form\\elements\\DateSelector.tsx": {
    "path": "C:\\Users\\Dandy\\Desktop\\git\\employee-manager\\frontend\\src\\components\\form\\elements\\DateSelector.tsx",
    "statementMap": {
      "0": {
        "start": {
          "line": 13,
          "column": 57
        },
        "end": {
          "line": 27,
          "column": 2
        }
      },
      "1": {
        "start": {
          "line": 14,
          "column": 36
        },
        "end": {
          "line": 14,
          "column": 41
        }
      },
      "2": {
        "start": {
          "line": 16,
          "column": 4
        },
        "end": {
          "line": 26,
          "column": 6
        }
      }
    },
    "fnMap": {
      "0": {
        "name": "(anonymous_0)",
        "decl": {
          "start": {
            "line": 13,
            "column": 66
          },
          "end": {
            "line": 13,
            "column": 67
          }
        },
        "loc": {
          "start": {
            "line": 13,
            "column": 109
          },
          "end": {
            "line": 27,
            "column": 1
          }
        },
        "line": 13
      }
    },
    "branchMap": {
      "0": {
        "loc": {
          "start": {
            "line": 20,
            "column": 13
          },
          "end": {
            "line": 24,
            "column": 13
          }
        },
        "type": "cond-expr",
        "locations": [
          {
            "start": {
              "line": 21,
              "column": 16
            },
            "end": {
              "line": 21,
              "column": 84
            }
          },
          {
            "start": {
              "line": 23,
              "column": 16
            },
            "end": {
              "line": 23,
              "column": 68
            }
          }
        ],
        "line": 20
      }
    },
    "s": {
      "0": 11,
      "1": 0,
      "2": 0
    },
    "f": {
      "0": 0
    },
    "b": {
      "0": [
        0,
        0
      ]
    },
    "_coverageSchema": "1a1c01bbd47fc00a2c39e90264f33305004495a9",
    "hash": "bb9f12aa1cf6711ac5e5443e26998e59299d87fe"
  },
  "C:\\Users\\Dandy\\Desktop\\git\\employee-manager\\frontend\\src\\components\\form\\elements\\TextArea.tsx": {
    "path": "C:\\Users\\Dandy\\Desktop\\git\\employee-manager\\frontend\\src\\components\\form\\elements\\TextArea.tsx",
    "statementMap": {
      "0": {
        "start": {
          "line": 15,
          "column": 49
        },
        "end": {
          "line": 33,
          "column": 2
        }
      },
      "1": {
        "start": {
          "line": 16,
          "column": 48
        },
        "end": {
          "line": 16,
          "column": 53
        }
      },
      "2": {
        "start": {
          "line": 19,
          "column": 26
        },
        "end": {
          "line": 19,
          "column": 41
        }
      },
      "3": {
        "start": {
          "line": 20,
          "column": 25
        },
        "end": {
          "line": 20,
          "column": 30
        }
      },
      "4": {
        "start": {
          "line": 22,
          "column": 4
        },
        "end": {
          "line": 32,
          "column": 6
        }
      }
    },
    "fnMap": {
      "0": {
        "name": "(anonymous_0)",
        "decl": {
          "start": {
            "line": 15,
            "column": 58
          },
          "end": {
            "line": 15,
            "column": 59
          }
        },
        "loc": {
          "start": {
            "line": 15,
            "column": 97
          },
          "end": {
            "line": 33,
            "column": 1
          }
        },
        "line": 15
      }
    },
    "branchMap": {
      "0": {
        "loc": {
          "start": {
            "line": 29,
            "column": 13
          },
          "end": {
            "line": 29,
            "column": 115
          }
        },
        "type": "cond-expr",
        "locations": [
          {
            "start": {
              "line": 29,
              "column": 26
            },
            "end": {
              "line": 29,
              "column": 108
            }
          },
          {
            "start": {
              "line": 29,
              "column": 111
            },
            "end": {
              "line": 29,
              "column": 115
            }
          }
        ],
        "line": 29
      }
    },
    "s": {
      "0": 11,
      "1": 0,
      "2": 0,
      "3": 0,
      "4": 0
    },
    "f": {
      "0": 0
    },
    "b": {
      "0": [
        0,
        0
      ]
    },
    "_coverageSchema": "1a1c01bbd47fc00a2c39e90264f33305004495a9",
    "hash": "a885b954aac5d92f5bbb58d668d4e9ef48ddee09"
  },
  "C:\\Users\\Dandy\\Desktop\\git\\employee-manager\\frontend\\src\\components\\form\\elements\\CustomSwitch.tsx": {
    "path": "C:\\Users\\Dandy\\Desktop\\git\\employee-manager\\frontend\\src\\components\\form\\elements\\CustomSwitch.tsx",
    "statementMap": {
      "0": {
        "start": {
          "line": 7,
          "column": 56
        },
        "end": {
          "line": 20,
          "column": 2
        }
      },
      "1": {
        "start": {
          "line": 8,
          "column": 28
        },
        "end": {
          "line": 8,
          "column": 33
        }
      },
      "2": {
        "start": {
          "line": 10,
          "column": 4
        },
        "end": {
          "line": 19,
          "column": 6
        }
      }
    },
    "fnMap": {
      "0": {
        "name": "(anonymous_0)",
        "decl": {
          "start": {
            "line": 7,
            "column": 65
          },
          "end": {
            "line": 7,
            "column": 66
          }
        },
        "loc": {
          "start": {
            "line": 7,
            "column": 107
          },
          "end": {
            "line": 20,
            "column": 1
          }
        },
        "line": 7
      }
    },
    "branchMap": {},
    "s": {
      "0": 11,
      "1": 0,
      "2": 0
    },
    "f": {
      "0": 0
    },
    "b": {},
    "_coverageSchema": "1a1c01bbd47fc00a2c39e90264f33305004495a9",
    "hash": "9e14263519e877c5cc20291a3b18cd7479a7557e"
  },
  "C:\\Users\\Dandy\\Desktop\\git\\employee-manager\\frontend\\src\\components\\form\\elements\\CompanySelectList.tsx": {
    "path": "C:\\Users\\Dandy\\Desktop\\git\\employee-manager\\frontend\\src\\components\\form\\elements\\CompanySelectList.tsx",
    "statementMap": {
      "0": {
        "start": {
          "line": 12,
          "column": 67
        },
        "end": {
          "line": 29,
          "column": 1
        }
      },
      "1": {
        "start": {
          "line": 14,
          "column": 43
        },
        "end": {
          "line": 14,
          "column": 48
        }
      },
      "2": {
        "start": {
          "line": 16,
          "column": 8
        },
        "end": {
          "line": 27,
          "column": 10
        }
      },
      "3": {
        "start": {
          "line": 21,
          "column": 24
        },
        "end": {
          "line": 23,
          "column": 40
        }
      }
    },
    "fnMap": {
      "0": {
        "name": "(anonymous_0)",
        "decl": {
          "start": {
            "line": 13,
            "column": 4
          },
          "end": {
            "line": 13,
            "column": 5
          }
        },
        "loc": {
          "start": {
            "line": 13,
            "column": 52
          },
          "end": {
            "line": 28,
            "column": 5
          }
        },
        "line": 13
      },
      "1": {
        "name": "(anonymous_1)",
        "decl": {
          "start": {
            "line": 20,
            "column": 35
          },
          "end": {
            "line": 20,
            "column": 36
          }
        },
        "loc": {
          "start": {
            "line": 21,
            "column": 24
          },
          "end": {
            "line": 23,
            "column": 40
          }
        },
        "line": 21
      }
    },
    "branchMap": {},
    "s": {
      "0": 11,
      "1": 0,
      "2": 0,
      "3": 0
    },
    "f": {
      "0": 0,
      "1": 0
    },
    "b": {},
    "_coverageSchema": "1a1c01bbd47fc00a2c39e90264f33305004495a9",
    "hash": "abf7f95616da2ad9317f7ab7a259385492385855"
  },
  "C:\\Users\\Dandy\\Desktop\\git\\employee-manager\\frontend\\src\\components\\form\\EmployeeFormik.tsx": {
    "path": "C:\\Users\\Dandy\\Desktop\\git\\employee-manager\\frontend\\src\\components\\form\\EmployeeFormik.tsx",
    "statementMap": {
      "0": {
        "start": {
          "line": 24,
          "column": 40
        },
        "end": {
          "line": 38,
          "column": 2
        }
      },
      "1": {
        "start": {
          "line": 40,
          "column": 61
        },
        "end": {
          "line": 183,
          "column": 2
        }
      },
      "2": {
        "start": {
          "line": 41,
          "column": 40
        },
        "end": {
          "line": 41,
          "column": 45
        }
      },
      "3": {
        "start": {
          "line": 43,
          "column": 22
        },
        "end": {
          "line": 43,
          "column": 36
        }
      },
      "4": {
        "start": {
          "line": 45,
          "column": 29
        },
        "end": {
          "line": 45,
          "column": 38
        }
      },
      "5": {
        "start": {
          "line": 47,
          "column": 25
        },
        "end": {
          "line": 52,
          "column": 5
        }
      },
      "6": {
        "start": {
          "line": 48,
          "column": 30
        },
        "end": {
          "line": 48,
          "column": 37
        }
      },
      "7": {
        "start": {
          "line": 49,
          "column": 8
        },
        "end": {
          "line": 51,
          "column": 14
        }
      },
      "8": {
        "start": {
          "line": 50,
          "column": 12
        },
        "end": {
          "line": 50,
          "column": 28
        }
      },
      "9": {
        "start": {
          "line": 55,
          "column": 8
        },
        "end": {
          "line": 59,
          "column": 14
        }
      },
      "10": {
        "start": {
          "line": 62,
          "column": 4
        },
        "end": {
          "line": 182,
          "column": 6
        }
      },
      "11": {
        "start": {
          "line": 70,
          "column": 16
        },
        "end": {
          "line": 179,
          "column": 23
        }
      },
      "12": {
        "start": {
          "line": 76,
          "column": 60
        },
        "end": {
          "line": 76,
          "column": 103
        }
      },
      "13": {
        "start": {
          "line": 142,
          "column": 56
        },
        "end": {
          "line": 142,
          "column": 94
        }
      },
      "14": {
        "start": {
          "line": 147,
          "column": 53
        },
        "end": {
          "line": 147,
          "column": 84
        }
      }
    },
    "fnMap": {
      "0": {
        "name": "(anonymous_0)",
        "decl": {
          "start": {
            "line": 40,
            "column": 70
          },
          "end": {
            "line": 40,
            "column": 71
          }
        },
        "loc": {
          "start": {
            "line": 40,
            "column": 115
          },
          "end": {
            "line": 183,
            "column": 1
          }
        },
        "line": 40
      },
      "1": {
        "name": "(anonymous_1)",
        "decl": {
          "start": {
            "line": 47,
            "column": 25
          },
          "end": {
            "line": 47,
            "column": 26
          }
        },
        "loc": {
          "start": {
            "line": 47,
            "column": 38
          },
          "end": {
            "line": 52,
            "column": 5
          }
        },
        "line": 47
      },
      "2": {
        "name": "(anonymous_2)",
        "decl": {
          "start": {
            "line": 49,
            "column": 19
          },
          "end": {
            "line": 49,
            "column": 20
          }
        },
        "loc": {
          "start": {
            "line": 49,
            "column": 25
          },
          "end": {
            "line": 51,
            "column": 9
          }
        },
        "line": 49
      },
      "3": {
        "name": "(anonymous_3)",
        "decl": {
          "start": {
            "line": 69,
            "column": 13
          },
          "end": {
            "line": 69,
            "column": 14
          }
        },
        "loc": {
          "start": {
            "line": 70,
            "column": 16
          },
          "end": {
            "line": 179,
            "column": 23
          }
        },
        "line": 70
      },
      "4": {
        "name": "(anonymous_4)",
        "decl": {
          "start": {
            "line": 76,
            "column": 50
          },
          "end": {
            "line": 76,
            "column": 51
          }
        },
        "loc": {
          "start": {
            "line": 76,
            "column": 60
          },
          "end": {
            "line": 76,
            "column": 103
          }
        },
        "line": 76
      },
      "5": {
        "name": "(anonymous_5)",
        "decl": {
          "start": {
            "line": 142,
            "column": 46
          },
          "end": {
            "line": 142,
            "column": 47
          }
        },
        "loc": {
          "start": {
            "line": 142,
            "column": 56
          },
          "end": {
            "line": 142,
            "column": 94
          }
        },
        "line": 142
      },
      "6": {
        "name": "(anonymous_6)",
        "decl": {
          "start": {
            "line": 147,
            "column": 46
          },
          "end": {
            "line": 147,
            "column": 47
          }
        },
        "loc": {
          "start": {
            "line": 147,
            "column": 53
          },
          "end": {
            "line": 147,
            "column": 84
          }
        },
        "line": 147
      }
    },
    "branchMap": {
      "0": {
        "loc": {
          "start": {
            "line": 80,
            "column": 44
          },
          "end": {
            "line": 80,
            "column": 120
          }
        },
        "type": "cond-expr",
        "locations": [
          {
            "start": {
              "line": 80,
              "column": 77
            },
            "end": {
              "line": 80,
              "column": 94
            }
          },
          {
            "start": {
              "line": 80,
              "column": 97
            },
            "end": {
              "line": 80,
              "column": 120
            }
          }
        ],
        "line": 80
      },
      "1": {
        "loc": {
          "start": {
            "line": 87,
            "column": 41
          },
          "end": {
            "line": 95,
            "column": 41
          }
        },
        "type": "cond-expr",
        "locations": [
          {
            "start": {
              "line": 88,
              "column": 44
            },
            "end": {
              "line": 92,
              "column": 46
            }
          },
          {
            "start": {
              "line": 94,
              "column": 44
            },
            "end": {
              "line": 94,
              "column": 56
            }
          }
        ],
        "line": 87
      },
      "2": {
        "loc": {
          "start": {
            "line": 125,
            "column": 29
          },
          "end": {
            "line": 127,
            "column": 36
          }
        },
        "type": "cond-expr",
        "locations": [
          {
            "start": {
              "line": 126,
              "column": 32
            },
            "end": {
              "line": 126,
              "column": 78
            }
          },
          {
            "start": {
              "line": 127,
              "column": 32
            },
            "end": {
              "line": 127,
              "column": 36
            }
          }
        ],
        "line": 125
      },
      "3": {
        "loc": {
          "start": {
            "line": 129,
            "column": 29
          },
          "end": {
            "line": 137,
            "column": 36
          }
        },
        "type": "cond-expr",
        "locations": [
          {
            "start": {
              "line": 130,
              "column": 32
            },
            "end": {
              "line": 136,
              "column": 38
            }
          },
          {
            "start": {
              "line": 137,
              "column": 32
            },
            "end": {
              "line": 137,
              "column": 36
            }
          }
        ],
        "line": 129
      },
      "4": {
        "loc": {
          "start": {
            "line": 129,
            "column": 29
          },
          "end": {
            "line": 129,
            "column": 92
          }
        },
        "type": "binary-expr",
        "locations": [
          {
            "start": {
              "line": 129,
              "column": 29
            },
            "end": {
              "line": 129,
              "column": 66
            }
          },
          {
            "start": {
              "line": 129,
              "column": 70
            },
            "end": {
              "line": 129,
              "column": 92
            }
          }
        ],
        "line": 129
      },
      "5": {
        "loc": {
          "start": {
            "line": 149,
            "column": 40
          },
          "end": {
            "line": 157,
            "column": 50
          }
        },
        "type": "cond-expr",
        "locations": [
          {
            "start": {
              "line": 150,
              "column": 46
            },
            "end": {
              "line": 156,
              "column": 47
            }
          },
          {
            "start": {
              "line": 157,
              "column": 46
            },
            "end": {
              "line": 157,
              "column": 50
            }
          }
        ],
        "line": 149
      }
    },
    "s": {
      "0": 11,
      "1": 11,
      "2": 0,
      "3": 0,
      "4": 0,
      "5": 0,
      "6": 0,
      "7": 0,
      "8": 0,
      "9": 0,
      "10": 0,
      "11": 0,
      "12": 0,
      "13": 0,
      "14": 0
    },
    "f": {
      "0": 0,
      "1": 0,
      "2": 0,
      "3": 0,
      "4": 0,
      "5": 0,
      "6": 0
    },
    "b": {
      "0": [
        0,
        0
      ],
      "1": [
        0,
        0
      ],
      "2": [
        0,
        0
      ],
      "3": [
        0,
        0
      ],
      "4": [
        0,
        0
      ],
      "5": [
        0,
        0
      ]
    },
    "_coverageSchema": "1a1c01bbd47fc00a2c39e90264f33305004495a9",
    "hash": "347812b5c12d2521757a070e867648f322496e5c"
  },
  "C:\\Users\\Dandy\\Desktop\\git\\employee-manager\\frontend\\src\\components\\table\\tableColumns\\EmployeeTableColumns.tsx": {
    "path": "C:\\Users\\Dandy\\Desktop\\git\\employee-manager\\frontend\\src\\components\\table\\tableColumns\\EmployeeTableColumns.tsx",
    "statementMap": {
      "0": {
        "start": {
          "line": 15,
          "column": 4
        },
        "end": {
          "line": 116,
          "column": 6
        }
      },
      "1": {
        "start": {
          "line": 22,
          "column": 35
        },
        "end": {
          "line": 22,
          "column": 58
        }
      },
      "2": {
        "start": {
          "line": 30,
          "column": 35
        },
        "end": {
          "line": 30,
          "column": 74
        }
      },
      "3": {
        "start": {
          "line": 38,
          "column": 35
        },
        "end": {
          "line": 38,
          "column": 72
        }
      },
      "4": {
        "start": {
          "line": 46,
          "column": 54
        },
        "end": {
          "line": 46,
          "column": 81
        }
      },
      "5": {
        "start": {
          "line": 48,
          "column": 35
        },
        "end": {
          "line": 48,
          "column": 64
        }
      },
      "6": {
        "start": {
          "line": 56,
          "column": 16
        },
        "end": {
          "line": 56,
          "column": 94
        }
      },
      "7": {
        "start": {
          "line": 56,
          "column": 65
        },
        "end": {
          "line": 56,
          "column": 81
        }
      },
      "8": {
        "start": {
          "line": 58,
          "column": 33
        },
        "end": {
          "line": 58,
          "column": 104
        }
      },
      "9": {
        "start": {
          "line": 58,
          "column": 75
        },
        "end": {
          "line": 58,
          "column": 92
        }
      },
      "10": {
        "start": {
          "line": 69,
          "column": 16
        },
        "end": {
          "line": 75,
          "column": 22
        }
      },
      "11": {
        "start": {
          "line": 78,
          "column": 16
        },
        "end": {
          "line": 84,
          "column": 22
        }
      },
      "12": {
        "start": {
          "line": 87,
          "column": 35
        },
        "end": {
          "line": 87,
          "column": 66
        }
      },
      "13": {
        "start": {
          "line": 94,
          "column": 16
        },
        "end": {
          "line": 113,
          "column": 24
        }
      },
      "14": {
        "start": {
          "line": 99,
          "column": 28
        },
        "end": {
          "line": 99,
          "column": 61
        }
      },
      "15": {
        "start": {
          "line": 108,
          "column": 28
        },
        "end": {
          "line": 108,
          "column": 62
        }
      }
    },
    "fnMap": {
      "0": {
        "name": "EmployeeTableColumns",
        "decl": {
          "start": {
            "line": 10,
            "column": 16
          },
          "end": {
            "line": 10,
            "column": 36
          }
        },
        "loc": {
          "start": {
            "line": 14,
            "column": 18
          },
          "end": {
            "line": 117,
            "column": 1
          }
        },
        "line": 14
      },
      "1": {
        "name": "(anonymous_1)",
        "decl": {
          "start": {
            "line": 22,
            "column": 25
          },
          "end": {
            "line": 22,
            "column": 26
          }
        },
        "loc": {
          "start": {
            "line": 22,
            "column": 35
          },
          "end": {
            "line": 22,
            "column": 58
          }
        },
        "line": 22
      },
      "2": {
        "name": "(anonymous_2)",
        "decl": {
          "start": {
            "line": 30,
            "column": 25
          },
          "end": {
            "line": 30,
            "column": 26
          }
        },
        "loc": {
          "start": {
            "line": 30,
            "column": 35
          },
          "end": {
            "line": 30,
            "column": 74
          }
        },
        "line": 30
      },
      "3": {
        "name": "(anonymous_3)",
        "decl": {
          "start": {
            "line": 38,
            "column": 25
          },
          "end": {
            "line": 38,
            "column": 26
          }
        },
        "loc": {
          "start": {
            "line": 38,
            "column": 35
          },
          "end": {
            "line": 38,
            "column": 72
          }
        },
        "line": 38
      },
      "4": {
        "name": "(anonymous_4)",
        "decl": {
          "start": {
            "line": 46,
            "column": 20
          },
          "end": {
            "line": 46,
            "column": 21
          }
        },
        "loc": {
          "start": {
            "line": 46,
            "column": 54
          },
          "end": {
            "line": 46,
            "column": 81
          }
        },
        "line": 46
      },
      "5": {
        "name": "(anonymous_5)",
        "decl": {
          "start": {
            "line": 48,
            "column": 25
          },
          "end": {
            "line": 48,
            "column": 26
          }
        },
        "loc": {
          "start": {
            "line": 48,
            "column": 35
          },
          "end": {
            "line": 48,
            "column": 64
          }
        },
        "line": 48
      },
      "6": {
        "name": "(anonymous_6)",
        "decl": {
          "start": {
            "line": 55,
            "column": 20
          },
          "end": {
            "line": 55,
            "column": 21
          }
        },
        "loc": {
          "start": {
            "line": 55,
            "column": 30
          },
          "end": {
            "line": 57,
            "column": 13
          }
        },
        "line": 55
      },
      "7": {
        "name": "(anonymous_7)",
        "decl": {
          "start": {
            "line": 56,
            "column": 55
          },
          "end": {
            "line": 56,
            "column": 56
          }
        },
        "loc": {
          "start": {
            "line": 56,
            "column": 65
          },
          "end": {
            "line": 56,
            "column": 81
          }
        },
        "line": 56
      },
      "8": {
        "name": "(anonymous_8)",
        "decl": {
          "start": {
            "line": 58,
            "column": 18
          },
          "end": {
            "line": 58,
            "column": 19
          }
        },
        "loc": {
          "start": {
            "line": 58,
            "column": 33
          },
          "end": {
            "line": 58,
            "column": 104
          }
        },
        "line": 58
      },
      "9": {
        "name": "(anonymous_9)",
        "decl": {
          "start": {
            "line": 58,
            "column": 65
          },
          "end": {
            "line": 58,
            "column": 66
          }
        },
        "loc": {
          "start": {
            "line": 58,
            "column": 75
          },
          "end": {
            "line": 58,
            "column": 92
          }
        },
        "line": 58
      },
      "10": {
        "name": "(anonymous_10)",
        "decl": {
          "start": {
            "line": 68,
            "column": 20
          },
          "end": {
            "line": 68,
            "column": 21
          }
        },
        "loc": {
[...]
            "line": 121,
            "column": 24
          },
          "end": {
            "line": 121,
            "column": 25
          }
        },
        "loc": {
          "start": {
            "line": 121,
            "column": 30
          },
          "end": {
            "line": 123,
            "column": 13
          }
        },
        "line": 121
      },
      "12": {
        "name": "(anonymous_12)",
        "decl": {
          "start": {
            "line": 127,
            "column": 4
          },
          "end": {
            "line": 127,
            "column": 5
          }
        },
        "loc": {
          "start": {
            "line": 127,
            "column": 54
          },
          "end": {
            "line": 145,
            "column": 5
          }
        },
        "line": 127
      },
      "13": {
        "name": "(anonymous_13)",
        "decl": {
          "start": {
            "line": 128,
            "column": 20
          },
          "end": {
            "line": 128,
            "column": 21
          }
        },
        "loc": {
          "start": {
            "line": 128,
            "column": 26
          },
          "end": {
            "line": 131,
            "column": 9
          }
        },
        "line": 128
      },
      "14": {
        "name": "(anonymous_14)",
        "decl": {
          "start": {
            "line": 141,
            "column": 24
          },
          "end": {
            "line": 141,
            "column": 25
          }
        },
        "loc": {
          "start": {
            "line": 141,
            "column": 30
          },
          "end": {
            "line": 143,
            "column": 13
          }
        },
        "line": 141
      },
      "15": {
        "name": "(anonymous_15)",
        "decl": {
          "start": {
            "line": 147,
            "column": 4
          },
          "end": {
            "line": 147,
            "column": 5
          }
        },
        "loc": {
          "start": {
            "line": 147,
            "column": 64
          },
          "end": {
            "line": 165,
            "column": 5
          }
        },
        "line": 147
      },
      "16": {
        "name": "(anonymous_16)",
        "decl": {
          "start": {
            "line": 148,
            "column": 20
          },
          "end": {
            "line": 148,
            "column": 21
          }
        },
        "loc": {
          "start": {
            "line": 148,
            "column": 26
          },
          "end": {
            "line": 151,
            "column": 9
          }
        },
        "line": 148
      },
      "17": {
        "name": "(anonymous_17)",
        "decl": {
          "start": {
            "line": 161,
            "column": 24
          },
          "end": {
            "line": 161,
            "column": 25
          }
        },
        "loc": {
          "start": {
            "line": 161,
            "column": 30
          },
          "end": {
            "line": 163,
            "column": 13
          }
        },
        "line": 161
      },
      "18": {
        "name": "(anonymous_18)",
        "decl": {
          "start": {
            "line": 167,
            "column": 4
          },
          "end": {
            "line": 167,
            "column": 5
          }
        },
        "loc": {
          "start": {
            "line": 167,
            "column": 62
          },
          "end": {
            "line": 175,
            "column": 5
          }
        },
        "line": 167
      },
      "19": {
        "name": "(anonymous_19)",
        "decl": {
          "start": {
            "line": 169,
            "column": 18
          },
          "end": {
            "line": 169,
            "column": 19
          }
        },
        "loc": {
          "start": {
            "line": 169,
            "column": 31
          },
          "end": {
            "line": 173,
            "column": 13
          }
        },
        "line": 169
      },
      "20": {
        "name": "(anonymous_20)",
        "decl": {
          "start": {
            "line": 177,
            "column": 4
          },
          "end": {
            "line": 177,
            "column": 5
          }
        },
        "loc": {
          "start": {
            "line": 177,
            "column": 53
          },
          "end": {
            "line": 184,
            "column": 5
          }
        },
        "line": 177
      },
      "21": {
        "name": "(anonymous_21)",
        "decl": {
          "start": {
            "line": 179,
            "column": 17
          },
          "end": {
            "line": 179,
            "column": 18
          }
        },
        "loc": {
          "start": {
            "line": 179,
            "column": 30
          },
          "end": {
            "line": 182,
            "column": 13
          }
        },
        "line": 179
      },
      "22": {
        "name": "(anonymous_22)",
        "decl": {
          "start": {
            "line": 186,
            "column": 4
          },
          "end": {
            "line": 186,
            "column": 5
          }
        },
        "loc": {
          "start": {
            "line": 186,
            "column": 59
          },
          "end": {
            "line": 193,
            "column": 5
          }
        },
        "line": 186
      },
      "23": {
        "name": "(anonymous_23)",
        "decl": {
          "start": {
            "line": 195,
            "column": 4
          },
          "end": {
            "line": 195,
            "column": 5
          }
        },
        "loc": {
          "start": {
            "line": 195,
            "column": 51
          },
          "end": {
            "line": 202,
            "column": 5
          }
        },
        "line": 195
      },
      "24": {
        "name": "(anonymous_24)",
        "decl": {
          "start": {
            "line": 197,
            "column": 17
          },
          "end": {
            "line": 197,
            "column": 18
          }
        },
        "loc": {
          "start": {
            "line": 197,
            "column": 30
          },
          "end": {
            "line": 200,
            "column": 13
          }
        },
        "line": 197
      },
      "25": {
        "name": "(anonymous_25)",
        "decl": {
          "start": {
            "line": 204,
            "column": 4
          },
          "end": {
            "line": 204,
            "column": 5
          }
        },
        "loc": {
          "start": {
            "line": 204,
            "column": 34
          },
          "end": {
            "line": 206,
            "column": 5
          }
        },
        "line": 204
      },
      "26": {
        "name": "(anonymous_26)",
        "decl": {
          "start": {
            "line": 208,
            "column": 4
          },
          "end": {
            "line": 208,
            "column": 5
          }
        },
        "loc": {
          "start": {
            "line": 208,
            "column": 69
          },
          "end": {
            "line": 214,
            "column": 5
          }
        },
        "line": 208
      },
      "27": {
        "name": "(anonymous_27)",
        "decl": {
          "start": {
            "line": 209,
            "column": 38
          },
          "end": {
            "line": 209,
            "column": 39
          }
        },
        "loc": {
          "start": {
            "line": 209,
            "column": 51
          },
          "end": {
            "line": 213,
            "column": 9
          }
        },
        "line": 209
      },
      "28": {
        "name": "(anonymous_28)",
        "decl": {
          "start": {
            "line": 217,
            "column": 4
          },
          "end": {
            "line": 217,
            "column": 5
          }
        },
        "loc": {
          "start": {
            "line": 217,
            "column": 72
          },
          "end": {
            "line": 226,
            "column": 5
          }
        },
        "line": 217
      },
      "29": {
        "name": "(anonymous_29)",
        "decl": {
          "start": {
            "line": 218,
            "column": 38
          },
          "end": {
            "line": 218,
            "column": 39
          }
        },
        "loc": {
          "start": {
            "line": 218,
            "column": 51
          },
          "end": {
            "line": 225,
            "column": 9
          }
        },
        "line": 218
      },
      "30": {
        "name": "(anonymous_30)",
        "decl": {
          "start": {
            "line": 220,
            "column": 62
          },
          "end": {
            "line": 220,
            "column": 63
          }
        },
        "loc": {
          "start": {
            "line": 220,
            "column": 71
          },
          "end": {
            "line": 220,
            "column": 97
          }
        },
        "line": 220
      },
      "31": {
        "name": "(anonymous_31)",
        "decl": {
          "start": {
            "line": 228,
            "column": 4
          },
          "end": {
            "line": 228,
            "column": 5
          }
        },
        "loc": {
          "start": {
            "line": 228,
            "column": 78
          },
          "end": {
            "line": 236,
            "column": 5
          }
        },
        "line": 228
      },
      "32": {
        "name": "(anonymous_32)",
        "decl": {
          "start": {
            "line": 229,
            "column": 43
          },
          "end": {
            "line": 229,
            "column": 44
          }
        },
        "loc": {
          "start": {
            "line": 229,
            "column": 56
          },
          "end": {
            "line": 235,
            "column": 9
          }
        },
        "line": 229
      }
    },
    "branchMap": {
      "0": {
        "loc": {
          "start": {
            "line": 222,
            "column": 17
          },
          "end": {
            "line": 222,
            "column": 73
          }
        },
        "type": "cond-expr",
        "locations": [
          {
            "start": {
              "line": 222,
              "column": 45
            },
            "end": {
              "line": 222,
              "column": 66
            }
          },
          {
            "start": {
              "line": 222,
              "column": 69
            },
            "end": {
              "line": 222,
              "column": 73
            }
          }
        ],
        "line": 222
      },
      "1": {
        "loc": {
          "start": {
            "line": 223,
            "column": 18
          },
          "end": {
            "line": 223,
            "column": 66
          }
        },
        "type": "cond-expr",
        "locations": [
          {
            "start": {
              "line": 223,
              "column": 42
            },
            "end": {
              "line": 223,
              "column": 59
            }
          },
          {
            "start": {
              "line": 223,
              "column": 62
            },
            "end": {
              "line": 223,
              "column": 66
            }
          }
        ],
        "line": 223
      },
      "2": {
        "loc": {
          "start": {
            "line": 224,
            "column": 22
          },
          "end": {
            "line": 224,
            "column": 78
          }
        },
        "type": "cond-expr",
        "locations": [
          {
            "start": {
              "line": 224,
              "column": 50
            },
            "end": {
              "line": 224,
              "column": 71
            }
          },
          {
            "start": {
              "line": 224,
              "column": 74
            },
            "end": {
              "line": 224,
              "column": 78
            }
          }
        ],
        "line": 224
      },
      "3": {
        "loc": {
          "start": {
            "line": 232,
            "column": 17
          },
          "end": {
            "line": 232,
            "column": 73
          }
        },
        "type": "cond-expr",
        "locations": [
          {
            "start": {
              "line": 232,
              "column": 45
            },
            "end": {
              "line": 232,
              "column": 66
            }
          },
          {
            "start": {
              "line": 232,
              "column": 69
            },
            "end": {
              "line": 232,
              "column": 73
            }
          }
        ],
        "line": 232
      },
      "4": {
        "loc": {
          "start": {
            "line": 233,
            "column": 18
          },
          "end": {
            "line": 233,
            "column": 66
          }
        },
        "type": "cond-expr",
        "locations": [
          {
            "start": {
              "line": 233,
              "column": 42
            },
            "end": {
              "line": 233,
              "column": 59
            }
          },
          {
            "start": {
              "line": 233,
              "column": 62
            },
            "end": {
              "line": 233,
              "column": 66
            }
          }
        ],
        "line": 233
      },
      "5": {
        "loc": {
          "start": {
            "line": 234,
            "column": 22
          },
          "end": {
            "line": 234,
            "column": 78
          }
        },
        "type": "cond-expr",
        "locations": [
          {
            "start": {
              "line": 234,
              "column": 50
            },
            "end": {
              "line": 234,
              "column": 71
            }
          },
          {
            "start": {
              "line": 234,
              "column": 74
            },
            "end": {
              "line": 234,
              "column": 78
            }
          }
        ],
        "line": 234
      }
    },
    "s": {
      "0": 11,
      "1": 11,
      "2": 11,
      "3": 11,
      "4": 11,
      "5": 11,
      "6": 11,
      "7": 11,
      "8": 1,
      "9": 1,
      "10": 1,
      "11": 1,
      "12": 1,
      "13": 1,
      "14": 0,
      "15": 1,
      "16": 1,
      "17": 11,
      "18": 11,
      "19": 11,
      "20": 11,
      "21": 11,
      "22": 0,
      "23": 11,
      "24": 11,
      "25": 11,
      "26": 11,
      "27": 11,
      "28": 11,
      "29": 11,
      "30": 11,
      "31": 10,
      "32": 30,
      "33": 30,
      "34": 0,
      "35": 10,
      "36": 10,
      "37": 10,
      "38": 10,
      "39": 10,
      "40": 10,
      "41": 10,
      "42": 0,
      "43": 9,
      "44": 9,
      "45": 1,
      "46": 1,
      "47": 1,
      "48": 1,
      "49": 1,
      "50": 0,
      "51": 0,
      "52": 0,
      "53": 3,
      "54": 2,
      "55": 3,
      "56": 2,
      "57": 3,
      "58": 33,
      "59": 44,
      "60": 33,
      "61": 33,
      "62": 44,
      "63": 32,
      "64": 55,
      "65": 260,
      "66": 2,
      "67": 0
    },
    "f": {
      "0": 11,
      "1": 1,
      "2": 1,
      "3": 1,
      "4": 1,
      "5": 11,
      "6": 11,
      "7": 11,
      "8": 11,
      "9": 11,
      "10": 30,
      "11": 10,
      "12": 10,
      "13": 10,
      "14": 9,
      "15": 1,
      "16": 1,
      "17": 0,
      "18": 3,
      "19": 2,
      "20": 3,
      "21": 2,
      "22": 3,
      "23": 33,
      "24": 44,
      "25": 33,
      "26": 33,
      "27": 44,
      "28": 32,
      "29": 55,
      "30": 260,
      "31": 2,
      "32": 0
    },
    "b": {
      "0": [
        55,
        0
      ],
      "1": [
        44,
        11
      ],
      "2": [
        11,
        44
      ],
      "3": [
        0,
        0
      ],
      "4": [
        0,
        0
      ],
      "5": [
        0,
        0
      ]
    },
    "_coverageSchema": "1a1c01bbd47fc00a2c39e90264f33305004495a9",
    "hash": "0c29d529043586f7e0a671c25a676f6b861212b9"
  },
  "C:\\Users\\Dandy\\Desktop\\git\\employee-manager\\frontend\\src\\stores\\root-store.ts": {
    "path": "C:\\Users\\Dandy\\Desktop\\git\\employee-manager\\frontend\\src\\stores\\root-store.ts",
    "statementMap": {
      "0": {
        "start": {
          "line": 16,
          "column": 17
        },
        "end": {
          "line": 16,
          "column": 31
        }
      },
      "1": {
        "start": {
          "line": 19,
          "column": 8
        },
        "end": {
          "line": 19,
          "column": 53
        }
      },
      "2": {
        "start": {
          "line": 20,
          "column": 8
        },
        "end": {
          "line": 20,
          "column": 51
        }
      },
      "3": {
        "start": {
          "line": 21,
          "column": 8
        },
        "end": {
          "line": 21,
          "column": 47
        }
      },
      "4": {
        "start": {
          "line": 22,
          "column": 8
        },
        "end": {
          "line": 22,
          "column": 49
        }
      },
      "5": {
        "start": {
          "line": 23,
          "column": 8
        },
        "end": {
          "line": 23,
          "column": 53
        }
      },
      "6": {
        "start": {
          "line": 24,
          "column": 8
        },
        "end": {
          "line": 24,
          "column": 55
        }
      },
      "7": {
        "start": {
          "line": 26,
          "column": 8
        },
        "end": {
          "line": 30,
          "column": 11
        }
      },
      "8": {
        "start": {
          "line": 34,
          "column": 8
        },
        "end": {
          "line": 34,
          "column": 34
        }
      }
    },
    "fnMap": {
      "0": {
        "name": "(anonymous_0)",
        "decl": {
          "start": {
            "line": 18,
            "column": 4
          },
          "end": {
            "line": 18,
            "column": 5
          }
        },
        "loc": {
          "start": {
            "line": 18,
            "column": 18
          },
          "end": {
            "line": 31,
            "column": 5
          }
        },
        "line": 18
      },
      "1": {
        "name": "(anonymous_1)",
        "decl": {
          "start": {
            "line": 33,
            "column": 4
          },
          "end": {
            "line": 33,
            "column": 5
          }
        },
        "loc": {
          "start": {
            "line": 33,
            "column": 41
          },
          "end": {
            "line": 35,
            "column": 5
          }
        },
        "line": 33
      }
    },
    "branchMap": {},
    "s": {
      "0": 11,
      "1": 11,
      "2": 11,
      "3": 11,
      "4": 11,
      "5": 11,
      "6": 11,
      "7": 11,
      "8": 180
    },
    "f": {
      "0": 11,
      "1": 180
    },
    "b": {},
    "_coverageSchema": "1a1c01bbd47fc00a2c39e90264f33305004495a9",
    "hash": "71d8a55faa4180a2ae7293adc96410d5666c82de"
  },
  "C:\\Users\\Dandy\\Desktop\\git\\employee-manager\\frontend\\src\\index.tsx": {
    "path": "C:\\Users\\Dandy\\Desktop\\git\\employee-manager\\frontend\\src\\index.tsx",
    "statementMap": {
      "0": {
        "start": {
          "line": 9,
          "column": 0
        },
        "end": {
          "line": 18,
          "column": 2
        }
      }
    },
    "fnMap": {},
    "branchMap": {},
    "s": {
      "0": 11
    },
    "f": {},
    "b": {},
    "_coverageSchema": "1a1c01bbd47fc00a2c39e90264f33305004495a9",
    "hash": "8854f510bd6dbac64189c9ee7f53616def6ec82f"
  }
}